#
# There is insufficient memory for the Java Runtime Environment to continue.
# Native memory allocation (malloc) failed to allocate 1048576 bytes for AllocateHeap
# Possible reasons:
#   The system is out of physical RAM or swap space
#   The process is running with CompressedOops enabled, and the Java Heap may be blocking the growth of the native heap
# Possible solutions:
#   Reduce memory load on the system
#   Increase physical memory or swap space
#   Check if swap backing store is full
#   Decrease Java heap size (-Xmx/-Xms)
#   Decrease number of Java threads
#   Decrease Java thread stack sizes (-Xss)
#   Set larger code cache with -XX:ReservedCodeCacheSize=
#   JVM is running with Unscaled Compressed Oops mode in which the Java heap is
#     placed in the first 4GB address space. The Java Heap base address is the
#     maximum limit for the native heap growth. Please use -XX:HeapBaseMinAddress
#     to set the Java Heap base and to place the Java Heap above 4GB virtual address.
# This output file may be truncated or incomplete.
#
#  Out of Memory Error (memory/allocation.inline.hpp:61), pid=12632, tid=0x0000000000001fb0
#
# JRE version:  (8.0_271-b09) (build )
# Java VM: Java HotSpot(TM) 64-Bit Server VM (25.271-b09 mixed mode windows-amd64 compressed oops)
# Failed to write core dump. Minidumps are not enabled by default on client versions of Windows
#

---------------  T H R E A D  ---------------

Current thread (0x000002712776c800):  JavaThread "Unknown thread" [_thread_in_vm, id=8112, stack(0x000000b9b4000000,0x000000b9b4100000)]

Stack: [0x000000b9b4000000,0x000000b9b4100000]
Native frames: (J=compiled Java code, j=interpreted, Vv=VM code, C=native code)
V  [jvm.dll+0x33f6c9]
V  [jvm.dll+0x286122]
V  [jvm.dll+0x286dcd]
V  [jvm.dll+0x27d805]
V  [jvm.dll+0x1565d]
V  [jvm.dll+0x3e35e7]
V  [jvm.dll+0x3e3fd8]
V  [jvm.dll+0x10cfff]
V  [jvm.dll+0x21ab2b]
V  [jvm.dll+0x2494e7]
V  [jvm.dll+0x172a76]
C  [java.exe+0x2312]
C  [java.exe+0x15f54]
C  [KERNEL32.DLL+0x17034]
C  [ntdll.dll+0x4d0d1]


---------------  P R O C E S S  ---------------

Java Threads: ( => current thread )

Other Threads:

=>0x000002712776c800 (exited) JavaThread "Unknown thread" [_thread_in_vm, id=8112, stack(0x000000b9b4000000,0x000000b9b4100000)]

VM state:not at safepoint (normal execution)

VM Mutex/Monitor currently owned by a thread: None

heap address: 0x00000000c1e00000, size: 994 MB, Compressed Oops mode: 32-bit
Narrow klass base: 0x0000000000000000, Narrow klass shift: 3
Compressed class space size: 1073741824 Address: 0x0000000100000000

Heap:
 PSYoungGen      total 18944K, used 327K [0x00000000eb500000, 0x00000000eca00000, 0x0000000100000000)
  eden space 16384K, 2% used [0x00000000eb500000,0x00000000eb551ec8,0x00000000ec500000)
  from space 2560K, 0% used [0x00000000ec780000,0x00000000ec780000,0x00000000eca00000)
  to   space 2560K, 0% used [0x00000000ec500000,0x00000000ec500000,0x00000000ec780000)
 ParOldGen       total 44032K, used 0K [0x00000000c1e00000, 0x00000000c4900000, 0x00000000eb500000)
  object space 44032K, 0% used [0x00000000c1e00000,0x00000000c1e00000,0x00000000c4900000)
 Metaspace       used 776K, capacity 4480K, committed 4480K, reserved 1056768K
  class space    used 76K, capacity 384K, committed 384K, reserved 1048576K

Card table byte_map: [0x00000271383c0000,0x00000271385c0000] byte_map_base: 0x0000027137db1000

Marking Bits: (ParMarkBitMap*) 0x0000000070d27fe0
 Begin Bits: [0x0000027138710000, 0x0000027139698000)
 End Bits:   [0x0000027139698000, 0x000002713a620000)

Polling page: 0x0000027127720000

CodeCache: size=245760Kb used=328Kb max_used=328Kb free=245431Kb
 bounds [0x0000027129000000, 0x0000027129270000, 0x0000027138000000]
 total_blobs=58 nmethods=0 adapters=38
 compilation: enabled

Compilation events (0 events):
No events

GC Heap History (0 events):
No events

Deoptimization events (0 events):
No events

Classes redefined (0 events):
No events

Internal exceptions (0 events):
No events

Events (10 events):
Event: 0.025 loading class java/lang/Short
Event: 0.025 loading class java/lang/Short done
Event: 0.025 loading class java/lang/Integer
Event: 0.025 loading class java/lang/Integer done
Event: 0.025 loading class java/lang/Long
Event: 0.025 loading class java/lang/Long done
Event: 0.026 loading class java/lang/NullPointerException
Event: 0.026 loading class java/lang/NullPointerException done
Event: 0.026 loading class java/lang/ArithmeticException
Event: 0.026 loading class java/lang/ArithmeticException done


Dynamic libraries:
0x00007ff646ad0000 - 0x00007ff646b17000 	C:\Program Files\Java\jdk1.8.0_271\bin\java.exe
0x00007ff8d5630000 - 0x00007ff8d5826000 	C:\Windows\SYSTEM32\ntdll.dll
0x00007ff8d4030000 - 0x00007ff8d40ed000 	C:\Windows\System32\KERNEL32.DLL
0x00007ff8d3260000 - 0x00007ff8d3529000 	C:\Windows\System32\KERNELBASE.dll
0x00007ff8d40f0000 - 0x00007ff8d419c000 	C:\Windows\System32\ADVAPI32.dll
0x00007ff8d39b0000 - 0x00007ff8d3a4e000 	C:\Windows\System32\msvcrt.dll
0x00007ff8d5170000 - 0x00007ff8d520c000 	C:\Windows\System32\sechost.dll
0x00007ff8d37c0000 - 0x00007ff8d38eb000 	C:\Windows\System32\RPCRT4.dll
0x00007ff8d4fd0000 - 0x00007ff8d5170000 	C:\Windows\System32\USER32.dll
0x00007ff8d2f20000 - 0x00007ff8d2f42000 	C:\Windows\System32\win32u.dll
0x00007ff8d3a50000 - 0x00007ff8d3a7a000 	C:\Windows\System32\GDI32.dll
0x00007ff8d3530000 - 0x00007ff8d3639000 	C:\Windows\System32\gdi32full.dll
0x00007ff8d3190000 - 0x00007ff8d322d000 	C:\Windows\System32\msvcp_win.dll
0x00007ff8d2d70000 - 0x00007ff8d2e70000 	C:\Windows\System32\ucrtbase.dll
0x00007ff8bcef0000 - 0x00007ff8bd18b000 	C:\Windows\WinSxS\amd64_microsoft.windows.common-controls_6595b64144ccf1df_6.0.19041.488_none_ca04af081b815d21\COMCTL32.dll
0x00007ff8d4bd0000 - 0x00007ff8d4c00000 	C:\Windows\System32\IMM32.DLL
0x00007ff8930b0000 - 0x00007ff8930c5000 	C:\Program Files\Java\jdk1.8.0_271\jre\bin\vcruntime140.dll
0x00007ff892c00000 - 0x00007ff892c9b000 	C:\Program Files\Java\jdk1.8.0_271\jre\bin\msvcp140.dll
0x0000000070530000 - 0x0000000070d9f000 	C:\Program Files\Java\jdk1.8.0_271\jre\bin\server\jvm.dll
0x00007ff8d38f0000 - 0x00007ff8d38f8000 	C:\Windows\System32\PSAPI.DLL
0x00007ff8be640000 - 0x00007ff8be649000 	C:\Windows\SYSTEM32\WSOCK32.dll
0x00007ff8d4d30000 - 0x00007ff8d4d9b000 	C:\Windows\System32\WS2_32.dll
0x00007ff8be1f0000 - 0x00007ff8be217000 	C:\Windows\SYSTEM32\WINMM.dll
0x00007ff8cd4d0000 - 0x00007ff8cd4da000 	C:\Windows\SYSTEM32\VERSION.dll
0x00007ff8d1650000 - 0x00007ff8d1662000 	C:\Windows\SYSTEM32\kernel.appcore.dll
0x00007ff8b5190000 - 0x00007ff8b51a0000 	C:\Program Files\Java\jdk1.8.0_271\jre\bin\verify.dll
0x00007ff893080000 - 0x00007ff8930ab000 	C:\Program Files\Java\jdk1.8.0_271\jre\bin\java.dll
0x00007ff893060000 - 0x00007ff893078000 	C:\Program Files\Java\jdk1.8.0_271\jre\bin\zip.dll
0x00007ff8cdb60000 - 0x00007ff8cdd44000 	C:\Windows\SYSTEM32\dbghelp.dll
0x00007ff8d2f50000 - 0x00007ff8d2fd0000 	C:\Windows\System32\bcryptPrimitives.dll

VM Arguments:
java_command: <unknown>
java_class_path (initial): .
Launcher Type: SUN_STANDARD

Environment Variables:
PATH=C:\Program Files (x86)\Common Files\Oracle\Java\javapath;C:\Windows\system32;C:\Windows;C:\Windows\System32\Wbem;C:\Windows\System32\WindowsPowerShell\v1.0\;C:\Windows\System32\OpenSSH\;C:\Program Files\Git\cmd;C:\Program Files\Java\jdk1.8.0_271\bin;C:\Program Files\MySQL\MySQL Shell 8.0\bin\;C:\Users\Nguyen Tan Tai\AppData\Local\Microsoft\WindowsApps;C:\Users\Nguyen Tan Tai\AppData\Local\GitHubDesktop\bin;C:\Users\Nguyen Tan Tai\AppData\Local\Programs\Microsoft VS Code\bin
USERNAME=Nguyen Tan Tai
OS=Windows_NT
PROCESSOR_IDENTIFIER=Intel64 Family 6 Model 142 Stepping 9, GenuineIntel



---------------  S Y S T E M  ---------------

OS: Windows 10.0 , 64 bit Build 19041 (10.0.19041.662)

CPU:total 4 (initial active 4) (2 cores per cpu, 2 threads per core) family 6 model 142 stepping 9, cmov, cx8, fxsr, mmx, sse, sse2, sse3, ssse3, sse4.1, sse4.2, popcnt, avx, avx2, aes, clmul, erms, 3dnowpref, lzcnt, ht, tsc, tscinvbit, bmi1, bmi2, adx

Memory: 4k page, physical 4067556k(253788k free), swap 16650468k(6184k free)

vm_info: Java HotSpot(TM) 64-Bit Server VM (25.271-b09) for windows-amd64 JRE (1.8.0_271-b09), built on Sep 16 2020 19:14:59 by "" with MS VC++ 15.9 (VS2017)

time: Tue Dec 15 18:14:39 2020
timezone: SE Asia Standard Time
elapsed time: 0.061881 seconds (0d 0h 0m 0s)

